0 info it worked if it ends with ok
1 verbose cli [ '/Users/amagitakayosi/.anyenv/envs/ndenv/versions/v6.4.0/bin/node',
1 verbose cli   '/Users/amagitakayosi/.anyenv/envs/ndenv/versions/v6.4.0/bin/npm',
1 verbose cli   'run',
1 verbose cli   'build' ]
2 info using npm@3.10.3
3 info using node@v6.4.0
4 verbose run-script [ 'prebuild', 'build', 'postbuild' ]
5 info lifecycle Hatena-Textbook-JavaScript@0.0.0~prebuild: Hatena-Textbook-JavaScript@0.0.0
6 silly lifecycle Hatena-Textbook-JavaScript@0.0.0~prebuild: no script for prebuild, continuing
7 info lifecycle Hatena-Textbook-JavaScript@0.0.0~build: Hatena-Textbook-JavaScript@0.0.0
8 verbose lifecycle Hatena-Textbook-JavaScript@0.0.0~build: unsafe-perm in lifecycle true
9 verbose lifecycle Hatena-Textbook-JavaScript@0.0.0~build: PATH: /Users/amagitakayosi/.anyenv/envs/ndenv/versions/v6.4.0/lib/node_modules/npm/bin/node-gyp-bin:/Users/amagitakayosi/hatena/Hatena-Textbook-JavaScript/node_modules/.bin:/Users/amagitakayosi/.anyenv/envs/ndenv/versions/v6.4.0/bin:/Users/amagitakayosi/.anyenv/envs/ndenv/versions/v6.4.0/bin:/Users/amagitakayosi/.anyenv/envs/ndenv/libexec:/Users/amagitakayosi/.anyenv/envs/ndenv/plugins/node-build/bin:/usr/local/opt/mysql55/bin:/usr/local/mysql/bin:/Users/amagitakayosi/.onfig/composer/vendor/bin:/usr/local/opt/php71/bin:/Users/amagitakayosi/Library/Haskell/bin:/Users/amagitakayosi/.anyenv/envs/scalaenv/shims:/Users/amagitakayosi/.anyenv/envs/scalaenv/bin:/Users/amagitakayosi/.anyenv/envs/rbenv/shims:/Users/amagitakayosi/.anyenv/envs/rbenv/bin:/Users/amagitakayosi/.anyenv/envs/pyenv/shims:/Users/amagitakayosi/.anyenv/envs/pyenv/bin:/Users/amagitakayosi/.anyenv/envs/plenv/shims:/Users/amagitakayosi/.anyenv/envs/plenv/bin:/Users/amagitakayosi/.anyenv/envs/phpenv/shims:/Users/amagitakayosi/.anyenv/envs/phpenv/bin:/Users/amagitakayosi/.anyenv/envs/ndenv/shims:/Users/amagitakayosi/.anyenv/envs/ndenv/bin:/Users/amagitakayosi/.anyenv/bin:/Users/amagitakayosi/.cask/bin:/usr/local/sbin:/usr/local/bin:/usr/sbin:/usr/bin:/sbin:/bin:/opt/chef/embedded/bin:/opt/chef/embedded/bin:/Users/amagitakayosi/bin:/usr/local/go/bin:/usr/local/opt/go/libexec/bin:/Users/amagitakayosi/Library/android-sdk-macosx/tools:/Users/amagitakayosi/Library/android-sdk-macosx/platform-tools
10 verbose lifecycle Hatena-Textbook-JavaScript@0.0.0~build: CWD: /Users/amagitakayosi/hatena/Hatena-Textbook-JavaScript
11 silly lifecycle Hatena-Textbook-JavaScript@0.0.0~build: Args: [ '-c', 'gitbook build && rm -rf docs && cp -r _book docs' ]
12 silly lifecycle Hatena-Textbook-JavaScript@0.0.0~build: Returned: code: 1  signal: null
13 info lifecycle Hatena-Textbook-JavaScript@0.0.0~build: Failed to exec build script
14 verbose stack Error: Hatena-Textbook-JavaScript@0.0.0 build: `gitbook build && rm -rf docs && cp -r _book docs`
14 verbose stack Exit status 1
14 verbose stack     at EventEmitter.<anonymous> (/Users/amagitakayosi/.anyenv/envs/ndenv/versions/v6.4.0/lib/node_modules/npm/lib/utils/lifecycle.js:242:16)
14 verbose stack     at emitTwo (events.js:106:13)
14 verbose stack     at EventEmitter.emit (events.js:191:7)
14 verbose stack     at ChildProcess.<anonymous> (/Users/amagitakayosi/.anyenv/envs/ndenv/versions/v6.4.0/lib/node_modules/npm/lib/utils/spawn.js:40:14)
14 verbose stack     at emitTwo (events.js:106:13)
14 verbose stack     at ChildProcess.emit (events.js:191:7)
14 verbose stack     at maybeClose (internal/child_process.js:852:16)
14 verbose stack     at Process.ChildProcess._handle.onexit (internal/child_process.js:215:5)
15 verbose pkgid Hatena-Textbook-JavaScript@0.0.0
16 verbose cwd /Users/amagitakayosi/hatena/Hatena-Textbook-JavaScript
17 error Darwin 15.6.0
18 error argv "/Users/amagitakayosi/.anyenv/envs/ndenv/versions/v6.4.0/bin/node" "/Users/amagitakayosi/.anyenv/envs/ndenv/versions/v6.4.0/bin/npm" "run" "build"
19 error node v6.4.0
20 error npm  v3.10.3
21 error code ELIFECYCLE
22 error Hatena-Textbook-JavaScript@0.0.0 build: `gitbook build && rm -rf docs && cp -r _book docs`
22 error Exit status 1
23 error Failed at the Hatena-Textbook-JavaScript@0.0.0 build script 'gitbook build && rm -rf docs && cp -r _book docs'.
23 error Make sure you have the latest version of node.js and npm installed.
23 error If you do, this is most likely a problem with the Hatena-Textbook-JavaScript package,
23 error not with npm itself.
23 error Tell the author that this fails on your system:
23 error     gitbook build && rm -rf docs && cp -r _book docs
23 error You can get information on how to open an issue for this project with:
23 error     npm bugs Hatena-Textbook-JavaScript
23 error Or if that isn't available, you can get their info via:
23 error     npm owner ls Hatena-Textbook-JavaScript
23 error There is likely additional logging output above.
24 verbose exit [ 1, true ]
